kotlin version: 2.0.21
error message: org.jetbrains.kotlin.backend.common.BackendException: Backend Internal error: Exception during IR lowering
File being compiled: C:/Users/garon/AndroidStudioProjects/DuszaVerseny/app/src/main/java/com/gubo/duszaverseny/MainActivity.kt
The root cause java.lang.RuntimeException was thrown at: org.jetbrains.kotlin.backend.jvm.codegen.FunctionCodegen.generate(FunctionCodegen.kt:47)
	at org.jetbrains.kotlin.backend.common.CodegenUtil.reportBackendException(CodegenUtil.kt:253)
	at org.jetbrains.kotlin.backend.common.CodegenUtil.reportBackendException$default(CodegenUtil.kt:236)
	at org.jetbrains.kotlin.backend.common.phaser.PerformByIrFilePhase.invokeSequential(performByIrFile.kt:65)
	at org.jetbrains.kotlin.backend.common.phaser.PerformByIrFilePhase.invoke(performByIrFile.kt:52)
	at org.jetbrains.kotlin.backend.common.phaser.PerformByIrFilePhase.invoke(performByIrFile.kt:38)
	at org.jetbrains.kotlin.backend.common.phaser.NamedCompilerPhase.phaseBody(CompilerPhase.kt:166)
	at org.jetbrains.kotlin.backend.common.phaser.AbstractNamedCompilerPhase.invoke(CompilerPhase.kt:113)
	at org.jetbrains.kotlin.backend.common.phaser.CompositePhase.invoke(PhaseBuilders.kt:27)
	at org.jetbrains.kotlin.backend.common.phaser.CompositePhase.invoke(PhaseBuilders.kt:14)
	at org.jetbrains.kotlin.backend.common.phaser.NamedCompilerPhase.phaseBody(CompilerPhase.kt:166)
	at org.jetbrains.kotlin.backend.common.phaser.AbstractNamedCompilerPhase.invoke(CompilerPhase.kt:113)
	at org.jetbrains.kotlin.backend.common.phaser.CompilerPhaseKt.invokeToplevel(CompilerPhase.kt:62)
	at org.jetbrains.kotlin.backend.jvm.JvmIrCodegenFactory.invokeCodegen(JvmIrCodegenFactory.kt:371)
	at org.jetbrains.kotlin.codegen.CodegenFactory.generateModule(CodegenFactory.kt:47)
	at org.jetbrains.kotlin.backend.jvm.JvmIrCodegenFactory.generateModuleInFrontendIRMode(JvmIrCodegenFactory.kt:433)
	at org.jetbrains.kotlin.cli.jvm.compiler.pipeline.JvmCompilerPipelineKt.generateCodeFromIr(jvmCompilerPipeline.kt:246)
	at org.jetbrains.kotlin.cli.jvm.compiler.pipeline.JvmCompilerPipelineKt.compileModulesUsingFrontendIrAndLightTree(jvmCompilerPipeline.kt:142)
	at org.jetbrains.kotlin.cli.jvm.K2JVMCompiler.doExecute(K2JVMCompiler.kt:148)
	at org.jetbrains.kotlin.cli.jvm.K2JVMCompiler.doExecute(K2JVMCompiler.kt:43)
	at org.jetbrains.kotlin.cli.common.CLICompiler.execImpl(CLICompiler.kt:103)
	at org.jetbrains.kotlin.cli.common.CLICompiler.execImpl(CLICompiler.kt:49)
	at org.jetbrains.kotlin.cli.common.CLITool.exec(CLITool.kt:101)
	at org.jetbrains.kotlin.incremental.IncrementalJvmCompilerRunner.runCompiler(IncrementalJvmCompilerRunner.kt:464)
	at org.jetbrains.kotlin.incremental.IncrementalJvmCompilerRunner.runCompiler(IncrementalJvmCompilerRunner.kt:73)
	at org.jetbrains.kotlin.incremental.IncrementalCompilerRunner.doCompile(IncrementalCompilerRunner.kt:506)
	at org.jetbrains.kotlin.incremental.IncrementalCompilerRunner.compileImpl(IncrementalCompilerRunner.kt:423)
	at org.jetbrains.kotlin.incremental.IncrementalCompilerRunner.tryCompileIncrementally$lambda$9$compile(IncrementalCompilerRunner.kt:249)
	at org.jetbrains.kotlin.incremental.IncrementalCompilerRunner.tryCompileIncrementally(IncrementalCompilerRunner.kt:267)
	at org.jetbrains.kotlin.incremental.IncrementalCompilerRunner.compile(IncrementalCompilerRunner.kt:120)
	at org.jetbrains.kotlin.daemon.CompileServiceImplBase.execIncrementalCompiler(CompileServiceImpl.kt:675)
	at org.jetbrains.kotlin.daemon.CompileServiceImplBase.access$execIncrementalCompiler(CompileServiceImpl.kt:92)
	at org.jetbrains.kotlin.daemon.CompileServiceImpl.compile(CompileServiceImpl.kt:1660)
	at java.base/jdk.internal.reflect.DirectMethodHandleAccessor.invoke(Unknown Source)
	at java.base/java.lang.reflect.Method.invoke(Unknown Source)
	at java.rmi/sun.rmi.server.UnicastServerRef.dispatch(Unknown Source)
	at java.rmi/sun.rmi.transport.Transport$1.run(Unknown Source)
	at java.rmi/sun.rmi.transport.Transport$1.run(Unknown Source)
	at java.base/java.security.AccessController.doPrivileged(Unknown Source)
	at java.rmi/sun.rmi.transport.Transport.serviceCall(Unknown Source)
	at java.rmi/sun.rmi.transport.tcp.TCPTransport.handleMessages(Unknown Source)
	at java.rmi/sun.rmi.transport.tcp.TCPTransport$ConnectionHandler.run0(Unknown Source)
	at java.rmi/sun.rmi.transport.tcp.TCPTransport$ConnectionHandler.lambda$run$0(Unknown Source)
	at java.base/java.security.AccessController.doPrivileged(Unknown Source)
	at java.rmi/sun.rmi.transport.tcp.TCPTransport$ConnectionHandler.run(Unknown Source)
	at java.base/java.util.concurrent.ThreadPoolExecutor.runWorker(Unknown Source)
	at java.base/java.util.concurrent.ThreadPoolExecutor$Worker.run(Unknown Source)
	at java.base/java.lang.Thread.run(Unknown Source)
Caused by: java.lang.RuntimeException: Exception while generating code for:
FUN name:onCreate visibility:protected modality:OPEN <> ($this:com.gubo.duszaverseny.MainActivity, savedInstanceState:android.os.Bundle?) returnType:kotlin.Unit
  overridden:
    protected/*protected and package*/ open fun onCreate (p0: @[EnhancedNullability] android.os.Bundle?): kotlin.Unit [fake_override] declared in androidx.appcompat.app.AppCompatActivity
  $this: VALUE_PARAMETER name:<this> type:com.gubo.duszaverseny.MainActivity
  VALUE_PARAMETER name:savedInstanceState index:0 type:android.os.Bundle?
  BLOCK_BODY
    CALL 'protected/*protected and package*/ open fun onCreate (p0: @[EnhancedNullability] android.os.Bundle?): kotlin.Unit [fake_override] declared in androidx.appcompat.app.AppCompatActivity' superQualifier='CLASS IR_EXTERNAL_JAVA_DECLARATION_STUB CLASS name:AppCompatActivity modality:OPEN visibility:public superTypes:[androidx.fragment.app.FragmentActivity; androidx.appcompat.app.AppCompatCallback; androidx.core.app.TaskStackBuilder.SupportParentable; androidx.appcompat.app.ActionBarDrawerToggle.DelegateProvider]' type=kotlin.Unit origin=null
      $this: GET_VAR '<this>: com.gubo.duszaverseny.MainActivity declared in com.gubo.duszaverseny.MainActivity.onCreate' type=com.gubo.duszaverseny.MainActivity origin=null
      p0: GET_VAR 'savedInstanceState: android.os.Bundle? declared in com.gubo.duszaverseny.MainActivity.onCreate' type=android.os.Bundle? origin=null
    CALL 'public final fun enableEdgeToEdge$default (statusBarStyle: androidx.activity.SystemBarStyle?, navigationBarStyle: androidx.activity.SystemBarStyle?, $mask0: kotlin.Int, $handler: kotlin.Any?): kotlin.Unit declared in androidx.activity.EdgeToEdge' type=kotlin.Unit origin=DEFAULT_DISPATCH_CALL
      $receiver: GET_VAR '<this>: com.gubo.duszaverseny.MainActivity declared in com.gubo.duszaverseny.MainActivity.onCreate' type=com.gubo.duszaverseny.MainActivity origin=null
      statusBarStyle: COMPOSITE type=androidx.activity.SystemBarStyle? origin=DEFAULT_VALUE
        CONST Null type=androidx.activity.SystemBarStyle? value=null
      navigationBarStyle: COMPOSITE type=androidx.activity.SystemBarStyle? origin=DEFAULT_VALUE
        CONST Null type=androidx.activity.SystemBarStyle? value=null
      $mask0: CONST Int type=kotlin.Int value=3
      $handler: CONST Null type=kotlin.Any? value=null
    SET_FIELD 'FIELD PROPERTY_BACKING_FIELD name:binding type:com.gubo.duszaverseny.databinding.ActivityMainBinding? visibility:private' type=kotlin.Unit origin=null
      receiver: GET_VAR '<this>: com.gubo.duszaverseny.MainActivity declared in com.gubo.duszaverseny.MainActivity.onCreate' type=com.gubo.duszaverseny.MainActivity origin=null
      value: CALL 'public open fun inflate (inflater: @[EnhancedNullability] android.view.LayoutInflater): @[EnhancedNullability] com.gubo.duszaverseny.databinding.ActivityMainBinding declared in com.gubo.duszaverseny.databinding.ActivityMainBinding' type=@[EnhancedNullability] com.gubo.duszaverseny.databinding.ActivityMainBinding origin=null
        inflater: CALL 'public open fun getLayoutInflater (): @[EnhancedNullability] android.view.LayoutInflater [fake_override] declared in com.gubo.duszaverseny.MainActivity' type=@[EnhancedNullability] android.view.LayoutInflater origin=GET_PROPERTY
          $this: GET_VAR '<this>: com.gubo.duszaverseny.MainActivity declared in com.gubo.duszaverseny.MainActivity.onCreate' type=com.gubo.duszaverseny.MainActivity origin=null
    CALL 'public open fun setContentView (p0: @[EnhancedNullability] android.view.View?): kotlin.Unit [fake_override] declared in com.gubo.duszaverseny.MainActivity' type=kotlin.Unit origin=null
      $this: GET_VAR '<this>: com.gubo.duszaverseny.MainActivity declared in com.gubo.duszaverseny.MainActivity.onCreate' type=com.gubo.duszaverseny.MainActivity origin=null
      p0: CALL 'public open fun getRoot (): @[EnhancedNullability] android.view.View [fake_override] declared in com.gubo.duszaverseny.databinding.ActivityMainBinding' type=@[EnhancedNullability] android.view.View origin=GET_PROPERTY
        $this: BLOCK type=com.gubo.duszaverseny.databinding.ActivityMainBinding origin=FOLDED_ELVIS
          WHEN type=com.gubo.duszaverseny.databinding.ActivityMainBinding origin=FOLDED_ELVIS
            BRANCH
              if: COMPOSITE type=kotlin.Boolean origin=null
                VAR IR_TEMPORARY_VARIABLE name:tmp0 type:com.gubo.duszaverseny.databinding.ActivityMainBinding? [val]
                  GET_FIELD 'FIELD PROPERTY_BACKING_FIELD name:binding type:com.gubo.duszaverseny.databinding.ActivityMainBinding? visibility:private' type=com.gubo.duszaverseny.databinding.ActivityMainBinding? origin=null
                    receiver: GET_VAR '<this>: com.gubo.duszaverseny.MainActivity declared in com.gubo.duszaverseny.MainActivity.onCreate' type=com.gubo.duszaverseny.MainActivity origin=null
                CALL 'public final fun not (): kotlin.Boolean [operator] declared in kotlin.Boolean' type=kotlin.Boolean origin=null
                  $this: CALL 'public final fun EQEQ (arg0: kotlin.Any?, arg1: kotlin.Any?): kotlin.Boolean declared in kotlin.internal.ir' type=kotlin.Boolean origin=null
                    arg0: GET_VAR 'val tmp0: com.gubo.duszaverseny.databinding.ActivityMainBinding? [val] declared in com.gubo.duszaverseny.MainActivity.onCreate' type=com.gubo.duszaverseny.databinding.ActivityMainBinding? origin=null
                    arg1: CONST Null type=kotlin.Nothing? value=null
              then: GET_VAR 'val tmp0: com.gubo.duszaverseny.databinding.ActivityMainBinding? [val] declared in com.gubo.duszaverseny.MainActivity.onCreate' type=com.gubo.duszaverseny.databinding.ActivityMainBinding? origin=null
            BRANCH
              if: CONST Boolean type=kotlin.Boolean value=true
              then: BLOCK type=kotlin.Unit origin=null
                CALL 'public final fun throwUninitializedPropertyAccessException (propertyName: kotlin.String): kotlin.Unit declared in kotlin.jvm.internal.Intrinsics' type=kotlin.Unit origin=null
                  propertyName: CONST String type=kotlin.String value="binding"
    CALL 'public abstract fun setViewModel (viewModel: @[EnhancedNullability] com.gubo.duszaverseny.viewModels.MainViewModel?): kotlin.Unit declared in com.gubo.duszaverseny.databinding.ActivityMainBinding' type=kotlin.Unit origin=EQ
      $this: BLOCK type=com.gubo.duszaverseny.databinding.ActivityMainBinding origin=FOLDED_ELVIS
        WHEN type=com.gubo.duszaverseny.databinding.ActivityMainBinding origin=FOLDED_ELVIS
          BRANCH
            if: COMPOSITE type=kotlin.Boolean origin=null
              VAR IR_TEMPORARY_VARIABLE name:tmp0 type:com.gubo.duszaverseny.databinding.ActivityMainBinding? [val]
                GET_FIELD 'FIELD PROPERTY_BACKING_FIELD name:binding type:com.gubo.duszaverseny.databinding.ActivityMainBinding? visibility:private' type=com.gubo.duszaverseny.databinding.ActivityMainBinding? origin=null
                  receiver: GET_VAR '<this>: com.gubo.duszaverseny.MainActivity declared in com.gubo.duszaverseny.MainActivity.onCreate' type=com.gubo.duszaverseny.MainActivity origin=null
              CALL 'public final fun not (): kotlin.Boolean [operator] declared in kotlin.Boolean' type=kotlin.Boolean origin=null
                $this: CALL 'public final fun EQEQ (arg0: kotlin.Any?, arg1: kotlin.Any?): kotlin.Boolean declared in kotlin.internal.ir' type=kotlin.Boolean origin=null
                  arg0: GET_VAR 'val tmp0: com.gubo.duszaverseny.databinding.ActivityMainBinding? [val] declared in com.gubo.duszaverseny.MainActivity.onCreate' type=com.gubo.duszaverseny.databinding.ActivityMainBinding? origin=null
                  arg1: CONST Null type=kotlin.Nothing? value=null
            then: GET_VAR 'val tmp0: com.gubo.duszaverseny.databinding.ActivityMainBinding? [val] declared in com.gubo.duszaverseny.MainActivity.onCreate' type=com.gubo.duszaverseny.databinding.ActivityMainBinding? origin=null
          BRANCH
            if: CONST Boolean type=kotlin.Boolean value=true
            then: BLOCK type=kotlin.Unit origin=null
              CALL 'public final fun throwUninitializedPropertyAccessException (propertyName: kotlin.String): kotlin.Unit declared in kotlin.jvm.internal.Intrinsics' type=kotlin.Unit origin=null
                propertyName: CONST String type=kotlin.String value="binding"
      viewModel: CALL 'private final fun <get-viewModel> (): com.gubo.duszaverseny.viewModels.MainViewModel declared in com.gubo.duszaverseny.MainActivity' type=com.gubo.duszaverseny.viewModels.MainViewModel origin=GET_PROPERTY
        $this: GET_VAR '<this>: com.gubo.duszaverseny.MainActivity declared in com.gubo.duszaverseny.MainActivity.onCreate' type=com.gubo.duszaverseny.MainActivity origin=null
    CALL 'public open fun setLifecycleOwner (p0: @[EnhancedNullability] androidx.lifecycle.LifecycleOwner?): kotlin.Unit [fake_override] declared in com.gubo.duszaverseny.databinding.ActivityMainBinding' type=kotlin.Unit origin=EQ
      $this: BLOCK type=com.gubo.duszaverseny.databinding.ActivityMainBinding origin=FOLDED_ELVIS
        WHEN type=com.gubo.duszaverseny.databinding.ActivityMainBinding origin=FOLDED_ELVIS
          BRANCH
            if: COMPOSITE type=kotlin.Boolean origin=null
              VAR IR_TEMPORARY_VARIABLE name:tmp0 type:com.gubo.duszaverseny.databinding.ActivityMainBinding? [val]
                GET_FIELD 'FIELD PROPERTY_BACKING_FIELD name:binding type:com.gubo.duszaverseny.databinding.ActivityMainBinding? visibility:private' type=com.gubo.duszaverseny.databinding.ActivityMainBinding? origin=null
                  receiver: GET_VAR '<this>: com.gubo.duszaverseny.MainActivity declared in com.gubo.duszaverseny.MainActivity.onCreate' type=com.gubo.duszaverseny.MainActivity origin=null
              CALL 'public final fun not (): kotlin.Boolean [operator] declared in kotlin.Boolean' type=kotlin.Boolean origin=null
                $this: CALL 'public final fun EQEQ (arg0: kotlin.Any?, arg1: kotlin.Any?): kotlin.Boolean declared in kotlin.internal.ir' type=kotlin.Boolean origin=null
                  arg0: GET_VAR 'val tmp0: com.gubo.duszaverseny.databinding.ActivityMainBinding? [val] declared in com.gubo.duszaverseny.MainActivity.onCreate' type=com.gubo.duszaverseny.databinding.ActivityMainBinding? origin=null
                  arg1: CONST Null type=kotlin.Nothing? value=null
            then: GET_VAR 'val tmp0: com.gubo.duszaverseny.databinding.ActivityMainBinding? [val] declared in com.gubo.duszaverseny.MainActivity.onCreate' type=com.gubo.duszaverseny.databinding.ActivityMainBinding? origin=null
          BRANCH
            if: CONST Boolean type=kotlin.Boolean value=true
            then: BLOCK type=kotlin.Unit origin=null
              CALL 'public final fun throwUninitializedPropertyAccessException (propertyName: kotlin.String): kotlin.Unit declared in kotlin.jvm.internal.Intrinsics' type=kotlin.Unit origin=null
                propertyName: CONST String type=kotlin.String value="binding"
      p0: GET_VAR '<this>: com.gubo.duszaverseny.MainActivity declared in com.gubo.duszaverseny.MainActivity.onCreate' type=com.gubo.duszaverseny.MainActivity origin=null
    VAR name:coroutineScope type:kotlinx.coroutines.CoroutineScope [val]
      CALL 'public final fun rememberCoroutineScope$default (getContext: @[DisallowComposableCalls] kotlin.Function0<kotlin.coroutines.CoroutineContext>?, $mask0: kotlin.Int, $handler: kotlin.Any?): kotlinx.coroutines.CoroutineScope [inline] declared in androidx.compose.runtime.EffectsKt' type=kotlinx.coroutines.CoroutineScope origin=DEFAULT_DISPATCH_CALL
        getContext: COMPOSITE type=@[DisallowComposableCalls] kotlin.Function0<kotlin.coroutines.CoroutineContext>? origin=DEFAULT_VALUE
          CONST Null type=@[DisallowComposableCalls] kotlin.Function0<kotlin.coroutines.CoroutineContext>? value=null
        $mask0: CONST Int type=kotlin.Int value=1
        $handler: CONST Null type=kotlin.Any? value=null
    COMPOSITE type=kotlin.Unit origin=null
      CALL 'public final fun launch$default (context: kotlin.coroutines.CoroutineContext?, start: kotlinx.coroutines.CoroutineStart?, block: @[ExtensionFunctionType] kotlin.coroutines.SuspendFunction1<kotlinx.coroutines.CoroutineScope, kotlin.Unit>, $mask0: kotlin.Int, $handler: kotlin.Any?): kotlinx.coroutines.Job declared in kotlinx.coroutines.BuildersKt' type=kotlinx.coroutines.Job origin=DEFAULT_DISPATCH_CALL
        $receiver: GET_VAR 'val coroutineScope: kotlinx.coroutines.CoroutineScope [val] declared in com.gubo.duszaverseny.MainActivity.onCreate' type=kotlinx.coroutines.CoroutineScope origin=null
        context: COMPOSITE type=kotlin.coroutines.CoroutineContext? origin=DEFAULT_VALUE
          CONST Null type=kotlin.coroutines.CoroutineContext? value=null
        start: COMPOSITE type=kotlinx.coroutines.CoroutineStart? origin=DEFAULT_VALUE
          CONST Null type=kotlinx.coroutines.CoroutineStart? value=null
        block: BLOCK type=com.gubo.duszaverseny.MainActivity.onCreate.<no name provided> origin=null
          CLASS SUSPEND_LAMBDA CLASS name:<no name provided> modality:FINAL visibility:public/*package*/ superTypes:[kotlin.coroutines.jvm.internal.SuspendLambda; kotlin.jvm.functions.Function2<kotlinx.coroutines.CoroutineScope, kotlin.coroutines.Continuation<kotlin.Unit>?, kotlin.Any?>]
            $this: VALUE_PARAMETER INSTANCE_RECEIVER name:<this> type:com.gubo.duszaverseny.MainActivity.onCreate.<no name provided>
            FIELD name:label type:kotlin.Int visibility:public/*package*/
            CONSTRUCTOR SUSPEND_LAMBDA visibility:public/*package*/ <> ($completion:kotlin.coroutines.Continuation<com.gubo.duszaverseny.MainActivity.onCreate.<no name provided>>?) returnType:com.gubo.duszaverseny.MainActivity.onCreate.<no name provided> [primary]
              VALUE_PARAMETER name:$completion index:0 type:kotlin.coroutines.Continuation<com.gubo.duszaverseny.MainActivity.onCreate.<no name provided>>?
              BLOCK_BODY
                DELEGATING_CONSTRUCTOR_CALL 'public constructor <init> (arity: kotlin.Int, $completion: kotlin.coroutines.Continuation<kotlin.Any?>?) declared in kotlin.coroutines.jvm.internal.SuspendLambda'
                  arity: CONST Int type=kotlin.Int value=2
                  $completion: GET_VAR '$completion: kotlin.coroutines.Continuation<com.gubo.duszaverseny.MainActivity.onCreate.<no name provided>>? declared in com.gubo.duszaverseny.MainActivity.onCreate.<no name provided>.<init>' type=kotlin.coroutines.Continuation<com.gubo.duszaverseny.MainActivity.onCreate.<no name provided>>? origin=null
                BLOCK type=kotlin.Unit origin=null
            FUN name:invokeSuspend visibility:public modality:FINAL <> ($this:com.gubo.duszaverseny.MainActivity.onCreate.<no name provided>, $result:kotlin.Result<kotlin.Any?>) returnType:kotlin.Any?
              overridden:
                protected abstract fun invokeSuspend ($result: kotlin.Result<kotlin.Any?>): kotlin.Any? declared in kotlin.coroutines.jvm.internal.SuspendLambda
              $this: VALUE_PARAMETER INSTANCE_RECEIVER name:<this> type:com.gubo.duszaverseny.MainActivity.onCreate.<no name provided>
              VALUE_PARAMETER name:$result index:0 type:kotlin.Result<kotlin.Any?>
              BLOCK_BODY
                CALL 'public final fun withContext <T> (context: kotlin.coroutines.CoroutineContext, block: @[ExtensionFunctionType] kotlin.coroutines.SuspendFunction1<kotlinx.coroutines.CoroutineScope, T of kotlinx.coroutines.BuildersKt.withContext>, $completion: kotlin.coroutines.Continuation<T of kotlinx.coroutines.BuildersKt.withContext>): kotlin.Any? [suspend] declared in kotlinx.coroutines.BuildersKt' type=kotlin.Unit origin=null
                  <T>: kotlin.Unit
                  context: CALL 'public final fun <get-Unconfined> (): kotlinx.coroutines.CoroutineDispatcher declared in kotlinx.coroutines.Dispatchers' type=kotlinx.coroutines.CoroutineDispatcher origin=GET_PROPERTY
                  block: BLOCK type=com.gubo.duszaverseny.MainActivity.onCreate.<no name provided>.invokeSuspend.<no name provided> origin=null
                    CLASS SUSPEND_LAMBDA CLASS name:<no name provided> modality:FINAL visibility:public/*package*/ superTypes:[kotlin.coroutines.jvm.internal.SuspendLambda; kotlin.jvm.functions.Function2<kotlinx.coroutines.CoroutineScope, kotlin.coroutines.Continuation<kotlin.Unit>?, kotlin.Any?>]
                      $this: VALUE_PARAMETER INSTANCE_RECEIVER name:<this> type:com.gubo.duszaverseny.MainActivity.onCreate.<no name provided>.invokeSuspend.<no name provided>
                      FIELD name:label type:kotlin.Int visibility:public/*package*/
                      CONSTRUCTOR SUSPEND_LAMBDA visibility:public/*package*/ <> ($completion:kotlin.coroutines.Continuation<com.gubo.duszaverseny.MainActivity.onCreate.<no name provided>.invokeSuspend.<no name provided>>?) returnType:com.gubo.duszaverseny.MainActivity.onCreate.<no name provided>.invokeSuspend.<no name provided> [primary]
                        VALUE_PARAMETER name:$completion index:0 type:kotlin.coroutines.Continuation<com.gubo.duszaverseny.MainActivity.onCreate.<no name provided>.invokeSuspend.<no name provided>>?
                        BLOCK_BODY
                          DELEGATING_CONSTRUCTOR_CALL 'public constructor <init> (arity: kotlin.Int, $completion: kotlin.coroutines.Continuation<kotlin.Any?>?) declared in kotlin.coroutines.jvm.internal.SuspendLambda'
                            arity: CONST Int type=kotlin.Int value=2
                            $completion: GET_VAR '$completion: kotlin.coroutines.Continuation<com.gubo.duszaverseny.MainActivity.onCreate.<no name provided>.invokeSuspend.<no name provided>>? declared in com.gubo.duszaverseny.MainActivity.onCreate.<no name provided>.invokeSuspend.<no name provided>.<init>' type=kotlin.coroutines.Continuation<com.gubo.duszaverseny.MainActivity.onCreate.<no name provided>.invokeSuspend.<no name provided>>? origin=null
                          BLOCK type=kotlin.Unit origin=null
                      FUN name:invokeSuspend visibility:public modality:FINAL <> ($this:com.gubo.duszaverseny.MainActivity.onCreate.<no name provided>.invokeSuspend.<no name provided>, $result:kotlin.Result<kotlin.Any?>) returnType:kotlin.Any?
                        overridden:
                          protected abstract fun invokeSuspend ($result: kotlin.Result<kotlin.Any?>): kotlin.Any? declared in kotlin.coroutines.jvm.internal.SuspendLambda
                        $this: VALUE_PARAMETER INSTANCE_RECEIVER name:<this> type:com.gubo.duszaverseny.MainActivity.onCreate.<no name provided>.invokeSuspend.<no name provided>
                        VALUE_PARAMETER name:$result index:0 type:kotlin.Result<kotlin.Any?>
                        BLOCK_BODY
                          CALL 'public final fun configureDatabase (): kotlin.Unit declared in com.gubo.duszaverseny.database.DataBaseConnectorKt' type=kotlin.Unit origin=null
                      FUN name:create visibility:public modality:FINAL <> ($this:com.gubo.duszaverseny.MainActivity.onCreate.<no name provided>.invokeSuspend.<no name provided>, value:kotlin.Any?, $completion:kotlin.coroutines.Continuation<kotlin.Nothing>) returnType:kotlin.coroutines.Continuation<kotlin.Unit>
                        overridden:
                          public open fun create (value: kotlin.Any?, $completion: kotlin.coroutines.Continuation<kotlin.Nothing>): kotlin.coroutines.Continuation<kotlin.Unit> declared in kotlin.coroutines.jvm.internal.SuspendLambda
                        $this: VALUE_PARAMETER INSTANCE_RECEIVER name:<this> type:com.gubo.duszaverseny.MainActivity.onCreate.<no name provided>.invokeSuspend.<no name provided>
                        VALUE_PARAMETER name:value index:0 type:kotlin.Any?
                        VALUE_PARAMETER name:$completion index:1 type:kotlin.coroutines.Continuation<kotlin.Nothing>
                        BLOCK_BODY
                          RETURN type=kotlin.Nothing from='public final fun create (value: kotlin.Any?, $completion: kotlin.coroutines.Continuation<kotlin.Nothing>): kotlin.coroutines.Continuation<kotlin.Unit> declared in com.gubo.duszaverseny.MainActivity.onCreate.<no name provided>.invokeSuspend.<no name provided>'
                            CONSTRUCTOR_CALL 'public/*package*/ constructor <init> ($completion: kotlin.coroutines.Continuation<com.gubo.duszaverseny.MainActivity.onCreate.<no name provided>.invokeSuspend.<no name provided>>?) [primary] declared in com.gubo.duszaverseny.MainActivity.onCreate.<no name provided>.invokeSuspend.<no name provided>' type=com.gubo.duszaverseny.MainActivity.onCreate.<no name provided>.invokeSuspend.<no name provided> origin=null
                              $completion: GET_VAR '$completion: kotlin.coroutines.Continuation<kotlin.Nothing> declared in com.gubo.duszaverseny.MainActivity.onCreate.<no name provided>.invokeSuspend.<no name provided>.create' type=kotlin.coroutines.Continuation<kotlin.Nothing> origin=null
                      FUN name:invoke visibility:public modality:FINAL <> ($this:com.gubo.duszaverseny.MainActivity.onCreate.<no name provided>.invokeSuspend.<no name provided>, p1:kotlinx.coroutines.CoroutineScope, p2:kotlin.coroutines.Continuation<kotlin.Unit>?) returnType:kotlin.Any?
                        overridden:
                          public abstract fun invoke (p1: P1 of kotlin.jvm.functions.Function2, p2: P2 of kotlin.jvm.functions.Function2): R of kotlin.jvm.functions.Function2 declared in kotlin.jvm.functions.Function2
                        $this: VALUE_PARAMETER INSTANCE_RECEIVER name:<this> type:com.gubo.duszaverseny.MainActivity.onCreate.<no name provided>.invokeSuspend.<no name provided>
                        VALUE_PARAMETER name:p1 index:0 type:kotlinx.coroutines.CoroutineScope
                        VALUE_PARAMETER name:p2 index:1 type:kotlin.coroutines.Continuation<kotlin.Unit>?
                        BLOCK_BODY
                          RETURN type=kotlin.Nothing from='public final fun invoke (p1: kotlinx.coroutines.CoroutineScope, p2: kotlin.coroutines.Continuation<kotlin.Unit>?): kotlin.Any? declared in com.gubo.duszaverseny.MainActivity.onCreate.<no name provided>.invokeSuspend.<no name provided>'
                            CALL 'public final fun invokeSuspend ($result: kotlin.Result<kotlin.Any?>): kotlin.Any? declared in com.gubo.duszaverseny.MainActivity.onCreate.<no name provided>.invokeSuspend.<no name provided>' type=kotlin.Any? origin=null
                              $this: TYPE_OP type=com.gubo.duszaverseny.MainActivity.onCreate.<no name provided>.invokeSuspend.<no name provided> origin=IMPLICIT_CAST typeOperand=com.gubo.duszaverseny.MainActivity.onCreate.<no name provided>.invokeSuspend.<no name provided>
                                CALL 'public final fun create (value: kotlin.Any?, $completion: kotlin.coroutines.Continuation<kotlin.Nothing>): kotlin.coroutines.Continuation<kotlin.Unit> declared in com.gubo.duszaverseny.MainActivity.onCreate.<no name provided>.invokeSuspend.<no name provided>' type=kotlin.coroutines.Continuation<kotlin.Unit> origin=null
                                  $this: GET_VAR '<this>: com.gubo.duszaverseny.MainActivity.onCreate.<no name provided>.invokeSuspend.<no name provided> declared in com.gubo.duszaverseny.MainActivity.onCreate.<no name provided>.invokeSuspend.<no name provided>.invoke' type=com.gubo.duszaverseny.MainActivity.onCreate.<no name provided>.invokeSuspend.<no name provided> origin=null
                                  value: GET_VAR 'p1: kotlinx.coroutines.CoroutineScope declared in com.gubo.duszaverseny.MainActivity.onCreate.<no name provided>.invokeSuspend.<no name provided>.invoke' type=kotlinx.coroutines.CoroutineScope origin=null
                                  $completion: GET_VAR 'p2: kotlin.coroutines.Continuation<kotlin.Unit>? declared in com.gubo.duszaverseny.MainActivity.onCreate.<no name provided>.invokeSuspend.<no name provided>.invoke' type=kotlin.coroutines.Continuation<kotlin.Unit>? origin=null
                              $result: CALL 'public final fun <unsafe-coerce> <T, R> (v: T of kotlin.jvm.internal.<unsafe-coerce>): R of kotlin.jvm.internal.<unsafe-coerce> declared in kotlin.jvm.internal' type=kotlin.Result<kotlin.Any?> origin=null
                                <T>: kotlin.Any?
                                <R>: kotlin.Result<kotlin.Any?>
                                v: GET_FIELD 'FIELD FIELD_FOR_OBJECT_INSTANCE name:INSTANCE type:kotlin.Unit visibility:public [final,static] declared in kotlin.Unit' type=kotlin.Unit origin=null
                      FUN BRIDGE name:invoke visibility:public modality:OPEN <> ($this:com.gubo.duszaverseny.MainActivity.onCreate.<no name provided>.invokeSuspend.<no name provided>, p1:kotlin.Any?, p2:kotlin.Any?) returnType:kotlin.Any?
                        $this: VALUE_PARAMETER INSTANCE_RECEIVER name:<this> type:com.gubo.duszaverseny.MainActivity.onCreate.<no name provided>.invokeSuspend.<no name provided>
                        VALUE_PARAMETER BRIDGE name:p1 index:0 type:kotlin.Any?
                        VALUE_PARAMETER BRIDGE name:p2 index:1 type:kotlin.Any?
                        EXPRESSION_BODY
                          RETURN type=kotlin.Nothing from='public open fun invoke (p1: kotlin.Any?, p2: kotlin.Any?): kotlin.Any? declared in com.gubo.duszaverseny.MainActivity.onCreate.<no name provided>.invokeSuspend.<no name provided>'
                            CALL 'public final fun invoke (p1: kotlinx.coroutines.CoroutineScope, p2: kotlin.coroutines.Continuation<kotlin.Unit>?): kotlin.Any? declared in com.gubo.duszaverseny.MainActivity.onCreate.<no name provided>.invokeSuspend.<no name provided>' type=kotlin.Any? origin=BRIDGE_DELEGATION
                              $this: GET_VAR '<this>: com.gubo.duszaverseny.MainActivity.onCreate.<no name provided>.invokeSuspend.<no name provided> declared in com.gubo.duszaverseny.MainActivity.onCreate.<no name provided>.invokeSuspend.<no name provided>.invoke' type=com.gubo.duszaverseny.MainActivity.onCreate.<no name provided>.invokeSuspend.<no name provided> origin=null
                              p1: TYPE_OP type=kotlinx.coroutines.CoroutineScope origin=IMPLICIT_CAST typeOperand=kotlinx.coroutines.CoroutineScope
                                GET_VAR 'p1: kotlin.Any? declared in com.gubo.duszaverseny.MainActivity.onCreate.<no name provided>.invokeSuspend.<no name provided>.invoke' type=kotlin.Any? origin=null
                              p2: TYPE_OP type=kotlin.coroutines.Continuation<*> origin=IMPLICIT_CAST typeOperand=kotlin.coroutines.Continuation<*>
                                GET_VAR 'p2: kotlin.Any? declared in com.gubo.duszaverseny.MainActivity.onCreate.<no name provided>.invokeSuspend.<no name provided>.invoke' type=kotlin.Any? origin=null
                    CONSTRUCTOR_CALL 'public/*package*/ constructor <init> ($completion: kotlin.coroutines.Continuation<com.gubo.duszaverseny.MainActivity.onCreate.<no name provided>.invokeSuspend.<no name provided>>?) [primary] declared in com.gubo.duszaverseny.MainActivity.onCreate.<no name provided>.invokeSuspend.<no name provided>' type=com.gubo.duszaverseny.MainActivity.onCreate.<no name provided>.invokeSuspend.<no name provided> origin=null
                      $completion: CONST Null type=kotlin.Nothing? value=null
                  $completion: GET_VAR '<this>: com.gubo.duszaverseny.MainActivity.onCreate.<no name provided> declared in com.gubo.duszaverseny.MainActivity.onCreate.<no name provided>.invokeSuspend' type=com.gubo.duszaverseny.MainActivity.onCreate.<no name provided> origin=null
            FUN name:create visibility:public modality:FINAL <> ($this:com.gubo.duszaverseny.MainActivity.onCreate.<no name provided>, value:kotlin.Any?, $completion:kotlin.coroutines.Continuation<kotlin.Nothing>) returnType:kotlin.coroutines.Continuation<kotlin.Unit>
              overridden:
                public open fun create (value: kotlin.Any?, $completion: kotlin.coroutines.Continuation<kotlin.Nothing>): kotlin.coroutines.Continuation<kotlin.Unit> declared in kotlin.coroutines.jvm.internal.SuspendLambda
              $this: VALUE_PARAMETER INSTANCE_RECEIVER name:<this> type:com.gubo.duszaverseny.MainActivity.onCreate.<no name provided>
              VALUE_PARAMETER name:value index:0 type:kotlin.Any?
              VALUE_PARAMETER name:$completion index:1 type:kotlin.coroutines.Continuation<kotlin.Nothing>
              BLOCK_BODY
                RETURN type=kotlin.Nothing from='public final fun create (value: kotlin.Any?, $completion: kotlin.coroutines.Continuation<kotlin.Nothing>): kotlin.coroutines.Continuation<kotlin.Unit> declared in com.gubo.duszaverseny.MainActivity.onCreate.<no name provided>'
                  CONSTRUCTOR_CALL 'public/*package*/ constructor <init> ($completion: kotlin.coroutines.Continuation<com.gubo.duszaverseny.MainActivity.onCreate.<no name provided>>?) [primary] declared in com.gubo.duszaverseny.MainActivity.onCreate.<no name provided>' type=com.gubo.duszaverseny.MainActivity.onCreate.<no name provided> origin=null
                    $completion: GET_VAR '$completion: kotlin.coroutines.Continuation<kotlin.Nothing> declared in com.gubo.duszaverseny.MainActivity.onCreate.<no name provided>.create' type=kotlin.coroutines.Continuation<kotlin.Nothing> origin=null
            FUN name:invoke visibility:public modality:FINAL <> ($this:com.gubo.duszaverseny.MainActivity.onCreate.<no name provided>, p1:kotlinx.coroutines.CoroutineScope, p2:kotlin.coroutines.Continuation<kotlin.Unit>?) returnType:kotlin.Any?
              overridden:
                public abstract fun invoke (p1: P1 of kotlin.jvm.functions.Function2, p2: P2 of kotlin.jvm.functions.Function2): R of kotlin.jvm.functions.Function2 declared in kotlin.jvm.functions.Function2
              $this: VALUE_PARAMETER INSTANCE_RECEIVER name:<this> type:com.gubo.duszaverseny.MainActivity.onCreate.<no name provided>
              VALUE_PARAMETER name:p1 index:0 type:kotlinx.coroutines.CoroutineScope
              VALUE_PARAMETER name:p2 index:1 type:kotlin.coroutines.Continuation<kotlin.Unit>?
              BLOCK_BODY
                RETURN type=kotlin.Nothing from='public final fun invoke (p1: kotlinx.coroutines.CoroutineScope, p2: kotlin.coroutines.Continuation<kotlin.Unit>?): kotlin.Any? declared in com.gubo.duszaverseny.MainActivity.onCreate.<no name provided>'
                  CALL 'public final fun invokeSuspend ($result: kotlin.Result<kotlin.Any?>): kotlin.Any? declared in com.gubo.duszaverseny.MainActivity.onCreate.<no name provided>' type=kotlin.Any? origin=null
                    $this: TYPE_OP type=com.gubo.duszaverseny.MainActivity.onCreate.<no name provided> origin=IMPLICIT_CAST typeOperand=com.gubo.duszaverseny.MainActivity.onCreate.<no name provided>
                      CALL 'public final fun create (value: kotlin.Any?, $completion: kotlin.coroutines.Continuation<kotlin.Nothing>): kotlin.coroutines.Continuation<kotlin.Unit> declared in com.gubo.duszaverseny.MainActivity.onCreate.<no name provided>' type=kotlin.coroutines.Continuation<kotlin.Unit> origin=null
                        $this: GET_VAR '<this>: com.gubo.duszaverseny.MainActivity.onCreate.<no name provided> declared in com.gubo.duszaverseny.MainActivity.onCreate.<no name provided>.invoke' type=com.gubo.duszaverseny.MainActivity.onCreate.<no name provided> origin=null
                        value: GET_VAR 'p1: kotlinx.coroutines.CoroutineScope declared in com.gubo.duszaverseny.MainActivity.onCreate.<no name provided>.invoke' type=kotlinx.coroutines.CoroutineScope origin=null
                        $completion: GET_VAR 'p2: kotlin.coroutines.Continuation<kotlin.Unit>? declared in com.gubo.duszaverseny.MainActivity.onCreate.<no name provided>.invoke' type=kotlin.coroutines.Continuation<kotlin.Unit>? origin=null
                    $result: CALL 'public final fun <unsafe-coerce> <T, R> (v: T of kotlin.jvm.internal.<unsafe-coerce>): R of kotlin.jvm.internal.<unsafe-coerce> declared in kotlin.jvm.internal' type=kotlin.Result<kotlin.Any?> origin=null
                      <T>: kotlin.Any?
                      <R>: kotlin.Result<kotlin.Any?>
                      v: GET_FIELD 'FIELD FIELD_FOR_OBJECT_INSTANCE name:INSTANCE type:kotlin.Unit visibility:public [final,static] declared in kotlin.Unit' type=kotlin.Unit origin=null
            FUN BRIDGE name:invoke visibility:public modality:OPEN <> ($this:com.gubo.duszaverseny.MainActivity.onCreate.<no name provided>, p1:kotlin.Any?, p2:kotlin.Any?) returnType:kotlin.Any?
              $this: VALUE_PARAMETER INSTANCE_RECEIVER name:<this> type:com.gubo.duszaverseny.MainActivity.onCreate.<no name provided>
              VALUE_PARAMETER BRIDGE name:p1 index:0 type:kotlin.Any?
              VALUE_PARAMETER BRIDGE name:p2 index:1 type:kotlin.Any?
              EXPRESSION_BODY
                RETURN type=kotlin.Nothing from='public open fun invoke (p1: kotlin.Any?, p2: kotlin.Any?): kotlin.Any? declared in com.gubo.duszaverseny.MainActivity.onCreate.<no name provided>'
                  CALL 'public final fun invoke (p1: kotlinx.coroutines.CoroutineScope, p2: kotlin.coroutines.Continuation<kotlin.Unit>?): kotlin.Any? declared in com.gubo.duszaverseny.MainActivity.onCreate.<no name provided>' type=kotlin.Any? origin=BRIDGE_DELEGATION
                    $this: GET_VAR '<this>: com.gubo.duszaverseny.MainActivity.onCreate.<no name provided> declared in com.gubo.duszaverseny.MainActivity.onCreate.<no name provided>.invoke' type=com.gubo.duszaverseny.MainActivity.onCreate.<no name provided> origin=null
                    p1: TYPE_OP type=kotlinx.coroutines.CoroutineScope origin=IMPLICIT_CAST typeOperand=kotlinx.coroutines.CoroutineScope
                      GET_VAR 'p1: kotlin.Any? declared in com.gubo.duszaverseny.MainActivity.onCreate.<no name provided>.invoke' type=kotlin.Any? origin=null
                    p2: TYPE_OP type=kotlin.coroutines.Continuation<*> origin=IMPLICIT_CAST typeOperand=kotlin.coroutines.Continuation<*>
                      GET_VAR 'p2: kotlin.Any? declared in com.gubo.duszaverseny.MainActivity.onCreate.<no name provided>.invoke' type=kotlin.Any? origin=null
          CONSTRUCTOR_CALL 'public/*package*/ constructor <init> ($completion: kotlin.coroutines.Continuation<com.gubo.duszaverseny.MainActivity.onCreate.<no name provided>>?) [primary] declared in com.gubo.duszaverseny.MainActivity.onCreate.<no name provided>' type=com.gubo.duszaverseny.MainActivity.onCreate.<no name provided> origin=null
            $completion: CONST Null type=kotlin.Nothing? value=null
        $mask0: CONST Int type=kotlin.Int value=3
        $handler: CONST Null type=kotlin.Any? value=null
      COMPOSITE type=kotlin.Unit origin=null
    CALL 'public open fun setOnApplyWindowInsetsListener (p0: @[EnhancedNullability] android.view.View, p1: @[EnhancedNullability] androidx.core.view.OnApplyWindowInsetsListener?): kotlin.Unit declared in androidx.core.view.ViewCompat' type=kotlin.Unit origin=null
      p0: CALL 'public open fun getRoot (): @[EnhancedNullability] android.view.View [fake_override] declared in com.gubo.duszaverseny.databinding.ActivityMainBinding' type=@[EnhancedNullability] android.view.View origin=GET_PROPERTY
        $this: BLOCK type=com.gubo.duszaverseny.databinding.ActivityMainBinding origin=FOLDED_ELVIS
          WHEN type=com.gubo.duszaverseny.databinding.ActivityMainBinding origin=FOLDED_ELVIS
            BRANCH
              if: COMPOSITE type=kotlin.Boolean origin=null
                VAR IR_TEMPORARY_VARIABLE name:tmp0 type:com.gubo.duszaverseny.databinding.ActivityMainBinding? [val]
                  GET_FIELD 'FIELD PROPERTY_BACKING_FIELD name:binding type:com.gubo.duszaverseny.databinding.ActivityMainBinding? visibility:private' type=com.gubo.duszaverseny.databinding.ActivityMainBinding? origin=null
                    receiver: GET_VAR '<this>: com.gubo.duszaverseny.MainActivity declared in com.gubo.duszaverseny.MainActivity.onCreate' type=com.gubo.duszaverseny.MainActivity origin=null
                CALL 'public final fun not (): kotlin.Boolean [operator] declared in kotlin.Boolean' type=kotlin.Boolean origin=null
                  $this: CALL 'public final fun EQEQ (arg0: kotlin.Any?, arg1: kotlin.Any?): kotlin.Boolean declared in kotlin.internal.ir' type=kotlin.Boolean origin=null
                    arg0: GET_VAR 'val tmp0: com.gubo.duszaverseny.databinding.ActivityMainBinding? [val] declared in com.gubo.duszaverseny.MainActivity.onCreate' type=com.gubo.duszaverseny.databinding.ActivityMainBinding? origin=null
                    arg1: CONST Null type=kotlin.Nothing? value=null
              then: GET_VAR 'val tmp0: com.gubo.duszaverseny.databinding.ActivityMainBinding? [val] declared in com.gubo.duszaverseny.MainActivity.onCreate' type=com.gubo.duszaverseny.databinding.ActivityMainBinding? origin=null
            BRANCH
              if: CONST Boolean type=kotlin.Boolean value=true
              then: BLOCK type=kotlin.Unit origin=null
                CALL 'public final fun throwUninitializedPropertyAccessException (propertyName: kotlin.String): kotlin.Unit declared in kotlin.jvm.internal.Intrinsics' type=kotlin.Unit origin=null
                  propertyName: CONST String type=kotlin.String value="binding"
      p1: BLOCK type=androidx.core.view.OnApplyWindowInsetsListener origin=LAMBDA
        COMPOSITE type=kotlin.Unit origin=null
        CALL 'public final fun <jvm-indy> <T> (dynamicCall: T of kotlin.jvm.internal.<jvm-indy>, bootstrapMethodHandle: kotlin.Any, vararg bootstrapMethodArguments: kotlin.Any): T of kotlin.jvm.internal.<jvm-indy> declared in kotlin.jvm.internal' type=androidx.core.view.OnApplyWindowInsetsListener origin=null
          <T>: androidx.core.view.OnApplyWindowInsetsListener
          dynamicCall: CALL 'public final fun onApplyWindowInsets (): androidx.core.view.OnApplyWindowInsetsListener declared in kotlin.jvm.internal.invokeDynamic' type=androidx.core.view.OnApplyWindowInsetsListener origin=null
          bootstrapMethodHandle: CALL 'public final fun <jvm-method-handle> (tag: kotlin.Int, owner: kotlin.String, name: kotlin.String, descriptor: kotlin.String, isInterface: kotlin.Boolean): kotlin.Any declared in kotlin.jvm.internal' type=kotlin.Any origin=null
            tag: CONST Int type=kotlin.Int value=6
            owner: CONST String type=kotlin.String value="java/lang/invoke/LambdaMetafactory"
            name: CONST String type=kotlin.String value="metafactory"
            descriptor: CONST String type=kotlin.String value="(Ljava/lang/invoke/MethodHandles$Lookup;Ljava/lang/String;Ljava/lang/invoke/MethodType;Ljava/lang/invoke/MethodType;Ljava/lang/invoke/MethodHandle;Ljava/lang/invoke/MethodType;)Ljava/lang/invoke/CallSite;"
            isInterface: CONST Boolean type=kotlin.Boolean value=false
          bootstrapMethodArguments: VARARG type=kotlin.Array<kotlin.Any> varargElementType=kotlin.Any
            CALL 'public final fun <jvm-original-method-type> (method: kotlin.Any): kotlin.Any declared in kotlin.jvm.internal' type=kotlin.Any origin=null
              method: RAW_FUNCTION_REFERENCE 'public abstract fun onApplyWindowInsets (p0: @[EnhancedNullability] android.view.View, p1: @[EnhancedNullability] androidx.core.view.WindowInsetsCompat): @[EnhancedNullability] androidx.core.view.WindowInsetsCompat declared in androidx.core.view.OnApplyWindowInsetsListener' type=kotlin.Any
            RAW_FUNCTION_REFERENCE 'private final fun onCreate$lambda$0 (v: @[EnhancedNullability] android.view.View, insets: @[EnhancedNullability] androidx.core.view.WindowInsetsCompat): @[EnhancedNullability] androidx.core.view.WindowInsetsCompat declared in com.gubo.duszaverseny.MainActivity' type=kotlin.Any
            CALL 'public final fun <jvm-original-method-type> (method: kotlin.Any): kotlin.Any declared in kotlin.jvm.internal' type=kotlin.Any origin=null
              method: RAW_FUNCTION_REFERENCE 'public abstract fun onApplyWindowInsets (p0: @[EnhancedNullability] android.view.View, p1: @[EnhancedNullability] androidx.core.view.WindowInsetsCompat): @[EnhancedNullability] androidx.core.view.WindowInsetsCompat [fake_override] declared in kotlin.jvm.internal.invokeDynamic.<fake>' type=kotlin.Any
    CALL 'public open fun setOnClickListener (p0: @[EnhancedNullability] android.view.View.OnClickListener?): kotlin.Unit [fake_override] declared in android.widget.LinearLayout' type=kotlin.Unit origin=null
      $this: GET_FIELD 'FIELD IR_EXTERNAL_JAVA_DECLARATION_STUB name:selector type:@[EnhancedNullability] android.widget.LinearLayout visibility:public [final] declared in com.gubo.duszaverseny.databinding.ActivityMainBinding' type=@[EnhancedNullability] android.widget.LinearLayout superQualifierSymbol=com.gubo.duszaverseny.databinding.ActivityMainBinding origin=null
        receiver: BLOCK type=com.gubo.duszaverseny.databinding.ActivityMainBinding origin=FOLDED_ELVIS
          WHEN type=com.gubo.duszaverseny.databinding.ActivityMainBinding origin=FOLDED_ELVIS
            BRANCH
              if: COMPOSITE type=kotlin.Boolean origin=null
                VAR IR_TEMPORARY_VARIABLE name:tmp0 type:com.gubo.duszaverseny.databinding.ActivityMainBinding? [val]
                  GET_FIELD 'FIELD PROPERTY_BACKING_FIELD name:binding type:com.gubo.duszaverseny.databinding.ActivityMainBinding? visibility:private' type=com.gubo.duszaverseny.databinding.ActivityMainBinding? origin=null
                    receiver: GET_VAR '<this>: com.gubo.duszaverseny.MainActivity declared in com.gubo.duszaverseny.MainActivity.onCreate' type=com.gubo.duszaverseny.MainActivity origin=null
                CALL 'public final fun not (): kotlin.Boolean [operator] declared in kotlin.Boolean' type=kotlin.Boolean origin=null
                  $this: CALL 'public final fun EQEQ (arg0: kotlin.Any?, arg1: kotlin.Any?): kotlin.Boolean declared in kotlin.internal.ir' type=kotlin.Boolean origin=null
                    arg0: GET_VAR 'val tmp0: com.gubo.duszaverseny.databinding.ActivityMainBinding? [val] declared in com.gubo.duszaverseny.MainActivity.onCreate' type=com.gubo.duszaverseny.databinding.ActivityMainBinding? origin=null
                    arg1: CONST Null type=kotlin.Nothing? value=null
              then: GET_VAR 'val tmp0: com.gubo.duszaverseny.databinding.ActivityMainBinding? [val] declared in com.gubo.duszaverseny.MainActivity.onCreate' type=com.gubo.duszaverseny.databinding.ActivityMainBinding? origin=null
            BRANCH
              if: CONST Boolean type=kotlin.Boolean value=true
              then: BLOCK type=kotlin.Unit origin=null
                CALL 'public final fun throwUninitializedPropertyAccessException (propertyName: kotlin.String): kotlin.Unit declared in kotlin.jvm.internal.Intrinsics' type=kotlin.Unit origin=null
                  propertyName: CONST String type=kotlin.String value="binding"
      p0: BLOCK type=android.view.View.OnClickListener origin=LAMBDA
        COMPOSITE type=kotlin.Unit origin=null
        CALL 'public final fun <jvm-indy> <T> (dynamicCall: T of kotlin.jvm.internal.<jvm-indy>, bootstrapMethodHandle: kotlin.Any, vararg bootstrapMethodArguments: kotlin.Any): T of kotlin.jvm.internal.<jvm-indy> declared in kotlin.jvm.internal' type=android.view.View.OnClickListener origin=null
          <T>: android.view.View.OnClickListener
          dynamicCall: CALL 'public final fun onClick (p0: com.gubo.duszaverseny.MainActivity): android.view.View.OnClickListener declared in kotlin.jvm.internal.invokeDynamic' type=android.view.View.OnClickListener origin=null
            p0: GET_VAR '<this>: com.gubo.duszaverseny.MainActivity declared in com.gubo.duszaverseny.MainActivity.onCreate' type=com.gubo.duszaverseny.MainActivity origin=null
          bootstrapMethodHandle: CALL 'public final fun <jvm-method-handle> (tag: kotlin.Int, owner: kotlin.String, name: kotlin.String, descriptor: kotlin.String, isInterface: kotlin.Boolean): kotlin.Any declared in kotlin.jvm.internal' type=kotlin.Any origin=null
            tag: CONST Int type=kotlin.Int value=6
            owner: CONST String type=kotlin.String value="java/lang/invoke/LambdaMetafactory"
            name: CONST String type=kotlin.String value="metafactory"
            descriptor: CONST String type=kotlin.String value="(Ljava/lang/invoke/MethodHandles$Lookup;Ljava/lang/String;Ljava/lang/invoke/MethodType;Ljava/lang/invoke/MethodType;Ljava/lang/invoke/MethodHandle;Ljava/lang/invoke/MethodType;)Ljava/lang/invoke/CallSite;"
            isInterface: CONST Boolean type=kotlin.Boolean value=false
          bootstrapMethodArguments: VARARG type=kotlin.Array<kotlin.Any> varargElementType=kotlin.Any
            CALL 'public final fun <jvm-original-method-type> (method: kotlin.Any): kotlin.Any declared in kotlin.jvm.internal' type=kotlin.Any origin=null
              method: RAW_FUNCTION_REFERENCE 'public abstract fun onClick (p0: @[FlexibleNullability] android.view.View?): kotlin.Unit declared in android.view.View.OnClickListener' type=kotlin.Any
            RAW_FUNCTION_REFERENCE 'private final fun onCreate$lambda$2 (this$0: com.gubo.duszaverseny.MainActivity, it: @[FlexibleNullability] android.view.View?): kotlin.Unit declared in com.gubo.duszaverseny.MainActivity' type=kotlin.Any
            CALL 'public final fun <jvm-original-method-type> (method: kotlin.Any): kotlin.Any declared in kotlin.jvm.internal' type=kotlin.Any origin=null
              method: RAW_FUNCTION_REFERENCE 'public abstract fun onClick (p0: @[FlexibleNullability] android.view.View?): kotlin.Unit [fake_override] declared in kotlin.jvm.internal.invokeDynamic.<fake>' type=kotlin.Any
    CALL 'public open fun setOnClickListener (p0: @[EnhancedNullability] android.view.View.OnClickListener?): kotlin.Unit [fake_override] declared in com.gubo.duszaverseny.components.BlueCustomButton' type=kotlin.Unit origin=null
      $this: GET_FIELD 'FIELD IR_EXTERNAL_JAVA_DECLARATION_STUB name:loginButton type:@[EnhancedNullability] com.gubo.duszaverseny.components.BlueCustomButton visibility:public [final] declared in com.gubo.duszaverseny.databinding.ActivityMainBinding' type=@[EnhancedNullability] com.gubo.duszaverseny.components.BlueCustomButton superQualifierSymbol=com.gubo.duszaverseny.databinding.ActivityMainBinding origin=null
        receiver: BLOCK type=com.gubo.duszaverseny.databinding.ActivityMainBinding origin=FOLDED_ELVIS
          WHEN type=com.gubo.duszaverseny.databinding.ActivityMainBinding origin=FOLDED_ELVIS
            BRANCH
              if: COMPOSITE type=kotlin.Boolean origin=null
                VAR IR_TEMPORARY_VARIABLE name:tmp0 type:com.gubo.duszaverseny.databinding.ActivityMainBinding? [val]
                  GET_FIELD 'FIELD PROPERTY_BACKING_FIELD name:binding type:com.gubo.duszaverseny.databinding.ActivityMainBinding? visibility:private' type=com.gubo.duszaverseny.databinding.ActivityMainBinding? origin=null
                    receiver: GET_VAR '<this>: com.gubo.duszaverseny.MainActivity declared in com.gubo.duszaverseny.MainActivity.onCreate' type=com.gubo.duszaverseny.MainActivity origin=null
                CALL 'public final fun not (): kotlin.Boolean [operator] declared in kotlin.Boolean' type=kotlin.Boolean origin=null
                  $this: CALL 'public final fun EQEQ (arg0: kotlin.Any?, arg1: kotlin.Any?): kotlin.Boolean declared in kotlin.internal.ir' type=kotlin.Boolean origin=null
                    arg0: GET_VAR 'val tmp0: com.gubo.duszaverseny.databinding.ActivityMainBinding? [val] declared in com.gubo.duszaverseny.MainActivity.onCreate' type=com.gubo.duszaverseny.databinding.ActivityMainBinding? origin=null
                    arg1: CONST Null type=kotlin.Nothing? value=null
              then: GET_VAR 'val tmp0: com.gubo.duszaverseny.databinding.ActivityMainBinding? [val] declared in com.gubo.duszaverseny.MainActivity.onCreate' type=com.gubo.duszaverseny.databinding.ActivityMainBinding? origin=null
            BRANCH
              if: CONST Boolean type=kotlin.Boolean value=true
              then: BLOCK type=kotlin.Unit origin=null
                CALL 'public final fun throwUninitializedPropertyAccessException (propertyName: kotlin.String): kotlin.Unit declared in kotlin.jvm.internal.Intrinsics' type=kotlin.Unit origin=null
                  propertyName: CONST String type=kotlin.String value="binding"
      p0: BLOCK type=android.view.View.OnClickListener origin=LAMBDA
        COMPOSITE type=kotlin.Unit origin=null
        CALL 'public final fun <jvm-indy> <T> (dynamicCall: T of kotlin.jvm.internal.<jvm-indy>, bootstrapMethodHandle: kotlin.Any, vararg bootstrapMethodArguments: kotlin.Any): T of kotlin.jvm.internal.<jvm-indy> declared in kotlin.jvm.internal' type=android.view.View.OnClickListener origin=null
          <T>: android.view.View.OnClickListener
          dynamicCall: CALL 'public final fun onClick (p0: com.gubo.duszaverseny.MainActivity): android.view.View.OnClickListener declared in kotlin.jvm.internal.invokeDynamic' type=android.view.View.OnClickListener origin=null
            p0: GET_VAR '<this>: com.gubo.duszaverseny.MainActivity declared in com.gubo.duszaverseny.MainActivity.onCreate' type=com.gubo.duszaverseny.MainActivity origin=null
          bootstrapMethodHandle: CALL 'public final fun <jvm-method-handle> (tag: kotlin.Int, owner: kotlin.String, name: kotlin.String, descriptor: kotlin.String, isInterface: kotlin.Boolean): kotlin.Any declared in kotlin.jvm.internal' type=kotlin.Any origin=null
            tag: CONST Int type=kotlin.Int value=6
            owner: CONST String type=kotlin.String value="java/lang/invoke/LambdaMetafactory"
            name: CONST String type=kotlin.String value="metafactory"
            descriptor: CONST String type=kotlin.String value="(Ljava/lang/invoke/MethodHandles$Lookup;Ljava/lang/String;Ljava/lang/invoke/MethodType;Ljava/lang/invoke/MethodType;Ljava/lang/invoke/MethodHandle;Ljava/lang/invoke/MethodType;)Ljava/lang/invoke/CallSite;"
            isInterface: CONST Boolean type=kotlin.Boolean value=false
          bootstrapMethodArguments: VARARG type=kotlin.Array<kotlin.Any> varargElementType=kotlin.Any
            CALL 'public final fun <jvm-original-method-type> (method: kotlin.Any): kotlin.Any declared in kotlin.jvm.internal' type=kotlin.Any origin=null
              method: RAW_FUNCTION_REFERENCE 'public abstract fun onClick (p0: @[FlexibleNullability] android.view.View?): kotlin.Unit declared in android.view.View.OnClickListener' type=kotlin.Any
            RAW_FUNCTION_REFERENCE 'private final fun onCreate$lambda$3 (this$0: com.gubo.duszaverseny.MainActivity, it: @[FlexibleNullability] android.view.View?): kotlin.Unit declared in com.gubo.duszaverseny.MainActivity' type=kotlin.Any
            CALL 'public final fun <jvm-original-method-type> (method: kotlin.Any): kotlin.Any declared in kotlin.jvm.internal' type=kotlin.Any origin=null
              method: RAW_FUNCTION_REFERENCE 'public abstract fun onClick (p0: @[FlexibleNullability] android.view.View?): kotlin.Unit [fake_override] declared in kotlin.jvm.internal.invokeDynamic.<fake>' type=kotlin.Any
    CALL 'public open fun setOnClickListener (p0: @[EnhancedNullability] android.view.View.OnClickListener?): kotlin.Unit [fake_override] declared in com.gubo.duszaverseny.components.BlueCustomButton' type=kotlin.Unit origin=null
      $this: GET_FIELD 'FIELD IR_EXTERNAL_JAVA_DECLARATION_STUB name:registerButton type:@[EnhancedNullability] com.gubo.duszaverseny.components.BlueCustomButton visibility:public [final] declared in com.gubo.duszaverseny.databinding.ActivityMainBinding' type=@[EnhancedNullability] com.gubo.duszaverseny.components.BlueCustomButton superQualifierSymbol=com.gubo.duszaverseny.databinding.ActivityMainBinding origin=null
        receiver: BLOCK type=com.gubo.duszaverseny.databinding.ActivityMainBinding origin=FOLDED_ELVIS
          WHEN type=com.gubo.duszaverseny.databinding.ActivityMainBinding origin=FOLDED_ELVIS
            BRANCH
              if: COMPOSITE type=kotlin.Boolean origin=null
                VAR IR_TEMPORARY_VARIABLE name:tmp0 type:com.gubo.duszaverseny.databinding.ActivityMainBinding? [val]
                  GET_FIELD 'FIELD PROPERTY_BACKING_FIELD name:binding type:com.gubo.duszaverseny.databinding.ActivityMainBinding? visibility:private' type=com.gubo.duszaverseny.databinding.ActivityMainBinding? origin=null
                    receiver: GET_VAR '<this>: com.gubo.duszaverseny.MainActivity declared in com.gubo.duszaverseny.MainActivity.onCreate' type=com.gubo.duszaverseny.MainActivity origin=null
                CALL 'public final fun not (): kotlin.Boolean [operator] declared in kotlin.Boolean' type=kotlin.Boolean origin=null
                  $this: CALL 'public final fun EQEQ (arg0: kotlin.Any?, arg1: kotlin.Any?): kotlin.Boolean declared in kotlin.internal.ir' type=kotlin.Boolean origin=null
                    arg0: GET_VAR 'val tmp0: com.gubo.duszaverseny.databinding.ActivityMainBinding? [val] declared in com.gubo.duszaverseny.MainActivity.onCreate' type=com.gubo.duszaverseny.databinding.ActivityMainBinding? origin=null
                    arg1: CONST Null type=kotlin.Nothing? value=null
              then: GET_VAR 'val tmp0: com.gubo.duszaverseny.databinding.ActivityMainBinding? [val] declared in com.gubo.duszaverseny.MainActivity.onCreate' type=com.gubo.duszaverseny.databinding.ActivityMainBinding? origin=null
            BRANCH
              if: CONST Boolean type=kotlin.Boolean value=true
              then: BLOCK type=kotlin.Unit origin=null
                CALL 'public final fun throwUninitializedPropertyAccessException (propertyName: kotlin.String): kotlin.Unit declared in kotlin.jvm.internal.Intrinsics' type=kotlin.Unit origin=null
                  propertyName: CONST String type=kotlin.String value="binding"
      p0: BLOCK type=android.view.View.OnClickListener origin=LAMBDA
        COMPOSITE type=kotlin.Unit origin=null
        CALL 'public final fun <jvm-indy> <T> (dynamicCall: T of kotlin.jvm.internal.<jvm-indy>, bootstrapMethodHandle: kotlin.Any, vararg bootstrapMethodArguments: kotlin.Any): T of kotlin.jvm.internal.<jvm-indy> declared in kotlin.jvm.internal' type=android.view.View.OnClickListener origin=null
          <T>: android.view.View.OnClickListener
          dynamicCall: CALL 'public final fun onClick (p0: com.gubo.duszaverseny.MainActivity): android.view.View.OnClickListener declared in kotlin.jvm.internal.invokeDynamic' type=android.view.View.OnClickListener origin=null
            p0: GET_VAR '<this>: com.gubo.duszaverseny.MainActivity declared in com.gubo.duszaverseny.MainActivity.onCreate' type=com.gubo.duszaverseny.MainActivity origin=null
          bootstrapMethodHandle: CALL 'public final fun <jvm-method-handle> (tag: kotlin.Int, owner: kotlin.String, name: kotlin.String, descriptor: kotlin.String, isInterface: kotlin.Boolean): kotlin.Any declared in kotlin.jvm.internal' type=kotlin.Any origin=null
            tag: CONST Int type=kotlin.Int value=6
            owner: CONST String type=kotlin.String value="java/lang/invoke/LambdaMetafactory"
            name: CONST String type=kotlin.String value="metafactory"
            descriptor: CONST String type=kotlin.String value="(Ljava/lang/invoke/MethodHandles$Lookup;Ljava/lang/String;Ljava/lang/invoke/MethodType;Ljava/lang/invoke/MethodType;Ljava/lang/invoke/MethodHandle;Ljava/lang/invoke/MethodType;)Ljava/lang/invoke/CallSite;"
            isInterface: CONST Boolean type=kotlin.Boolean value=false
          bootstrapMethodArguments: VARARG type=kotlin.Array<kotlin.Any> varargElementType=kotlin.Any
            CALL 'public final fun <jvm-original-method-type> (method: kotlin.Any): kotlin.Any declared in kotlin.jvm.internal' type=kotlin.Any origin=null
              method: RAW_FUNCTION_REFERENCE 'public abstract fun onClick (p0: @[FlexibleNullability] android.view.View?): kotlin.Unit declared in android.view.View.OnClickListener' type=kotlin.Any
            RAW_FUNCTION_REFERENCE 'private final fun onCreate$lambda$4 (this$0: com.gubo.duszaverseny.MainActivity, it: @[FlexibleNullability] android.view.View?): kotlin.Unit declared in com.gubo.duszaverseny.MainActivity' type=kotlin.Any
            CALL 'public final fun <jvm-original-method-type> (method: kotlin.Any): kotlin.Any declared in kotlin.jvm.internal' type=kotlin.Any origin=null
              method: RAW_FUNCTION_REFERENCE 'public abstract fun onClick (p0: @[FlexibleNullability] android.view.View?): kotlin.Unit [fake_override] declared in kotlin.jvm.internal.invokeDynamic.<fake>' type=kotlin.Any

	at org.jetbrains.kotlin.backend.jvm.codegen.FunctionCodegen.generate(FunctionCodegen.kt:47)
	at org.jetbrains.kotlin.backend.jvm.codegen.FunctionCodegen.generate$default(FunctionCodegen.kt:40)
	at org.jetbrains.kotlin.backend.jvm.codegen.ClassCodegen.generateMethodNode(ClassCodegen.kt:406)
	at org.jetbrains.kotlin.backend.jvm.codegen.ClassCodegen.generateMethod(ClassCodegen.kt:423)
	at org.jetbrains.kotlin.backend.jvm.codegen.ClassCodegen.generate(ClassCodegen.kt:168)
	at org.jetbrains.kotlin.backend.jvm.FileCodegen.lower(JvmPhases.kt:39)
	at org.jetbrains.kotlin.backend.common.phaser.PhaseFactoriesKt.createFilePhase$lambda$4(PhaseFactories.kt:71)
	at org.jetbrains.kotlin.backend.common.phaser.PhaseBuildersKt$createSimpleNamedCompilerPhase$1.phaseBody(PhaseBuilders.kt:69)
	at org.jetbrains.kotlin.backend.common.phaser.SimpleNamedCompilerPhase.phaseBody(CompilerPhase.kt:226)
	at org.jetbrains.kotlin.backend.common.phaser.AbstractNamedCompilerPhase.invoke(CompilerPhase.kt:113)
	at org.jetbrains.kotlin.backend.common.phaser.PerformByIrFilePhase.invokeSequential(performByIrFile.kt:62)
	... 44 more
Caused by: org.jetbrains.kotlin.codegen.CompilationException: Back-end (JVM) Internal error: Couldn't inline method call: CALL 'public final fun rememberCoroutineScope$default (getContext: @[DisallowComposableCalls] kotlin.Function0<kotlin.coroutines.CoroutineContext>?, $mask0: kotlin.Int, $handler: kotlin.Any?): kotlinx.coroutines.CoroutineScope [inline] declared in androidx.compose.runtime.EffectsKt' type=kotlinx.coroutines.CoroutineScope origin=DEFAULT_DISPATCH_CALL
Method: null
File is unknown
The root cause java.lang.IllegalStateException was thrown at: org.jetbrains.kotlin.codegen.inline.SourceCompilerForInlineKt.getMethodNode(SourceCompilerForInline.kt:118)
	at org.jetbrains.kotlin.codegen.inline.InlineCodegen.performInline(InlineCodegen.kt:65)
	at org.jetbrains.kotlin.backend.jvm.codegen.IrInlineCodegen.genInlineCall(IrInlineCodegen.kt:163)
	at org.jetbrains.kotlin.backend.jvm.codegen.IrInlineCallGenerator.genCall(IrInlineCallGenerator.kt:36)
	at org.jetbrains.kotlin.backend.jvm.codegen.ExpressionCodegen.visitCall(ExpressionCodegen.kt:653)
	at org.jetbrains.kotlin.backend.jvm.codegen.ExpressionCodegen.visitCall(ExpressionCodegen.kt:138)
	at org.jetbrains.kotlin.ir.expressions.IrCall.accept(IrCall.kt:24)
	at org.jetbrains.kotlin.backend.jvm.codegen.ExpressionCodegen.visitVariable(ExpressionCodegen.kt:790)
	at org.jetbrains.kotlin.backend.jvm.codegen.ExpressionCodegen.visitVariable(ExpressionCodegen.kt:138)
	at org.jetbrains.kotlin.ir.declarations.IrVariable.accept(IrVariable.kt:36)
	at org.jetbrains.kotlin.backend.jvm.codegen.ExpressionCodegen.visitStatementContainer(ExpressionCodegen.kt:579)
	at org.jetbrains.kotlin.backend.jvm.codegen.ExpressionCodegen.visitBlockBody(ExpressionCodegen.kt:584)
	at org.jetbrains.kotlin.backend.jvm.codegen.ExpressionCodegen.visitBlockBody(ExpressionCodegen.kt:138)
	at org.jetbrains.kotlin.ir.expressions.IrBlockBody.accept(IrBlockBody.kt:20)
	at org.jetbrains.kotlin.backend.jvm.codegen.ExpressionCodegen.generate(ExpressionCodegen.kt:240)
	at org.jetbrains.kotlin.backend.jvm.codegen.FunctionCodegen.doGenerate(FunctionCodegen.kt:123)
	at org.jetbrains.kotlin.backend.jvm.codegen.FunctionCodegen.generate(FunctionCodegen.kt:44)
	... 54 more
Caused by: java.lang.IllegalStateException: couldn't find inline method Landroidx/compose/runtime/EffectsKt;.rememberCoroutineScope$default(Lkotlin/jvm/functions/Function0;ILjava/lang/Object;)Lkotlinx/coroutines/CoroutineScope;
	at org.jetbrains.kotlin.codegen.inline.SourceCompilerForInlineKt.getMethodNode(SourceCompilerForInline.kt:118)
	at org.jetbrains.kotlin.codegen.inline.SourceCompilerForInlineKt.loadCompiledInlineFunction(SourceCompilerForInline.kt:96)
	at org.jetbrains.kotlin.backend.jvm.codegen.IrSourceCompilerForInline.compileInlineFunction(IrSourceCompilerForInline.kt:91)
	at org.jetbrains.kotlin.codegen.inline.InlineCodegen.compileInline(InlineCodegen.kt:43)
	at org.jetbrains.kotlin.codegen.inline.InlineCodegen.performInline(InlineCodegen.kt:51)
	... 69 more


